app/build/intermediates/manifest_merge_blame_file/release/manifest-merger-blame-release-report.txt
1<?xml version="1.0" encoding="utf-8"?>
2<manifest xmlns:android="http://schemas.android.com/apk/res/android"
3    package="com.jakting.rn6pan"
4    android:versionCode="202011060"
5    android:versionName="0.1.0" >
6
7    <uses-sdk
8        android:minSdkVersion="23"
8-->src\main\AndroidManifest.xml
9        android:targetSdkVersion="30" />
9-->src\main\AndroidManifest.xml
10
11    <uses-permission android:name="android.permission.INTERNET" />
11-->src\main\AndroidManifest.xml:5:5-67
11-->src\main\AndroidManifest.xml:5:22-64
12
13    <application
13-->src\main\AndroidManifest.xml:7:5-34:19
14        android:name="com.jakting.rn6pan.utils.MyApplication"
14-->src\main\AndroidManifest.xml:8:9-44
15        android:allowBackup="true"
15-->src\main\AndroidManifest.xml:9:9-35
16        android:appComponentFactory="androidx.core.app.CoreComponentFactory"
16-->[androidx.core:core:1.3.2] AndroidManifest.xml:24:18-86
17        android:extractNativeLibs="false"
18        android:icon="@mipmap/ic_launcher"
18-->src\main\AndroidManifest.xml:10:9-43
19        android:label="@string/app_name"
19-->src\main\AndroidManifest.xml:11:9-41
20        android:roundIcon="@mipmap/ic_launcher_round"
20-->src\main\AndroidManifest.xml:12:9-54
21        android:supportsRtl="true"
21-->src\main\AndroidManifest.xml:13:9-35
22        android:theme="@style/AppTheme" >
22-->src\main\AndroidManifest.xml:14:9-40
23        <activity
23-->src\main\AndroidManifest.xml:15:9-17:58
24            android:name="com.jakting.rn6pan.user.UserActivity"
24-->src\main\AndroidManifest.xml:16:13-46
25            android:parentActivityName="com.jakting.rn6pan.MainActivity" />
25-->src\main\AndroidManifest.xml:17:13-55
26        <activity
26-->src\main\AndroidManifest.xml:18:9-20:58
27            android:name="com.jakting.rn6pan.user.LoginActivity"
27-->src\main\AndroidManifest.xml:19:13-47
28            android:parentActivityName="com.jakting.rn6pan.MainActivity" />
28-->src\main\AndroidManifest.xml:20:13-55
29        <activity
29-->src\main\AndroidManifest.xml:21:9-23:58
30            android:name="com.jakting.rn6pan.user.FileListActivity"
30-->src\main\AndroidManifest.xml:22:13-50
31            android:parentActivityName="com.jakting.rn6pan.MainActivity" />
31-->src\main\AndroidManifest.xml:23:13-55
32        <activity
32-->src\main\AndroidManifest.xml:24:9-26:53
33            android:name="com.jakting.rn6pan.AboutActivity"
33-->src\main\AndroidManifest.xml:25:13-42
34            android:theme="@style/AppTheme.About" />
34-->src\main\AndroidManifest.xml:26:13-50
35        <activity android:name="com.jakting.rn6pan.MainActivity" >
35-->src\main\AndroidManifest.xml:27:9-33:20
35-->src\main\AndroidManifest.xml:27:19-47
36            <intent-filter>
36-->src\main\AndroidManifest.xml:28:13-32:29
37                <action android:name="android.intent.action.MAIN" />
37-->src\main\AndroidManifest.xml:29:17-69
37-->src\main\AndroidManifest.xml:29:25-66
38
39                <category android:name="android.intent.category.LAUNCHER" />
39-->src\main\AndroidManifest.xml:31:17-77
39-->src\main\AndroidManifest.xml:31:27-74
40            </intent-filter>
41        </activity>
42        <!-- 适配全面屏 -->
43        <meta-data
43-->[com.github.maning0303:MNImageBrowser:V1.3.5] AndroidManifest.xml:19:9-21:35
44            android:name="android.max_aspect"
44-->[com.github.maning0303:MNImageBrowser:V1.3.5] AndroidManifest.xml:20:13-46
45            android:value="2.4" /> <!-- 适配华为(hua wei)刘海屏 -->
45-->[com.github.maning0303:MNImageBrowser:V1.3.5] AndroidManifest.xml:21:13-32
46        <meta-data
46-->[com.github.maning0303:MNImageBrowser:V1.3.5] AndroidManifest.xml:23:9-25:36
47            android:name="android.notch_support"
47-->[com.github.maning0303:MNImageBrowser:V1.3.5] AndroidManifest.xml:24:13-49
48            android:value="true" /> <!-- 适配小米(xiao mi)刘海屏 -->
48-->[com.github.maning0303:MNImageBrowser:V1.3.5] AndroidManifest.xml:25:13-33
49        <meta-data
49-->[com.github.maning0303:MNImageBrowser:V1.3.5] AndroidManifest.xml:27:9-29:50
50            android:name="notch.config"
50-->[com.github.maning0303:MNImageBrowser:V1.3.5] AndroidManifest.xml:28:13-40
51            android:value="portrait|landscape" />
51-->[com.github.maning0303:MNImageBrowser:V1.3.5] AndroidManifest.xml:29:13-47
52
53        <activity
53-->[com.github.maning0303:MNImageBrowser:V1.3.5] AndroidManifest.xml:31:9-36:56
54            android:name="com.maning.imagebrowserlibrary.MNImageBrowserActivity"
54-->[com.github.maning0303:MNImageBrowser:V1.3.5] AndroidManifest.xml:32:13-81
55            android:configChanges="orientation|keyboardHidden|screenSize"
55-->[com.github.maning0303:MNImageBrowser:V1.3.5] AndroidManifest.xml:33:13-74
56            android:launchMode="singleTop"
56-->[com.github.maning0303:MNImageBrowser:V1.3.5] AndroidManifest.xml:34:13-43
57            android:screenOrientation="sensor"
57-->[com.github.maning0303:MNImageBrowser:V1.3.5] AndroidManifest.xml:35:13-47
58            android:theme="@style/ImageBrowserTheme" />
58-->[com.github.maning0303:MNImageBrowser:V1.3.5] AndroidManifest.xml:36:13-53
59    </application>
60
61</manifest>